<?xml version="1.0" encoding="UTF-8"?>
<!-- Generated by org.testng.reporters.JUnitReportReporter -->
<testsuite hostname="Hmraghu" name="com.tests.TC_furniturecomp" tests="1" failures="0" timestamp="22 Feb 2020 18:30:24 GMT" time="77.845" errors="0">
  <testcase name="executetc" time="77.845" classname="com.tests.TC_furniturecomp"/>
</testsuite> <!-- com.tests.TC_furniturecomp -->
