<?xml version="1.0" encoding="UTF-8"?>
<!-- Generated by org.testng.reporters.JUnitReportReporter -->
<testsuite hostname="Hmraghu" name="com.tests.TC_furniture" tests="1" failures="0" timestamp="21 Feb 2020 11:21:44 GMT" time="24.867" errors="0">
  <testcase name="runfurtestcase" time="24.867" classname="com.tests.TC_furniture"/>
</testsuite> <!-- com.tests.TC_furniture -->
