<?xml version="1.0" encoding="UTF-8"?>
<!-- Generated by org.testng.reporters.JUnitReportReporter -->
<testsuite hostname="Hmraghu" name="com.tests.TC_furniturecomp" tests="1" failures="0" timestamp="21 Feb 2020 11:21:44 GMT" time="68.513" errors="0">
  <testcase name="executetc" time="68.513" classname="com.tests.TC_furniturecomp"/>
</testsuite> <!-- com.tests.TC_furniturecomp -->
