<?xml version="1.0" encoding="UTF-8"?>
<!-- Generated by org.testng.reporters.JUnitReportReporter -->
<testsuite hostname="Hmraghu" name="com.tests.Logintest" tests="1" failures="0" timestamp="21 Feb 2020 11:21:44 GMT" time="33.233" errors="0">
  <testcase name="runtest" time="33.233" classname="com.tests.Logintest"/>
</testsuite> <!-- com.tests.Logintest -->
