<?xml version="1.0" encoding="UTF-8"?>
<!-- Generated by org.testng.reporters.JUnitReportReporter -->
<testsuite hostname="Hmraghu" name="com.tests.Logintest" tests="1" failures="0" timestamp="22 Feb 2020 18:30:24 GMT" time="30.121" errors="0">
  <testcase name="runtest" time="30.121" classname="com.tests.Logintest"/>
</testsuite> <!-- com.tests.Logintest -->
